<?xml version="1.0" encoding="UTF-8"?>
<!-- Generated by org.testng.reporters.JUnitReportReporter -->
<testsuite skipped="0" hostname="CNTSNW10292663" name="MyPackage.OpenQuotation" tests="3" failures="0" timestamp="25 Jul 2017 04:06:34 GMT" time="17.281" errors="0">
  <testcase name="check_inquiry" time="1.350" classname="MyPackage.OpenQuotation"/>
  <testcase name="LogintoSystem" time="12.705" classname="MyPackage.OpenQuotation"/>
  <testcase name="move_to_open_quotation" time="3.226" classname="MyPackage.OpenQuotation"/>
</testsuite> <!-- MyPackage.OpenQuotation -->
