<?xml version="1.0" encoding="UTF-8"?>
<!-- Generated by org.testng.reporters.JUnitReportReporter -->
<testsuite skipped="0" hostname="CNTSNW10292663" name="MyPackage.SetPersonalSettings" tests="4" failures="0" timestamp="19 Jul 2017 12:29:02 GMT" time="17.263" errors="0">
  <testcase name="setru" time="0.139" classname="MyPackage.SetPersonalSettings"/>
  <testcase name="LogintoSystem" time="13.790" classname="MyPackage.SetPersonalSettings"/>
  <testcase name="go2personalsettings" time="1.434" classname="MyPackage.SetPersonalSettings"/>
  <testcase name="save" time="1.900" classname="MyPackage.SetPersonalSettings"/>
</testsuite> <!-- MyPackage.SetPersonalSettings -->
