<?xml version="1.0" encoding="UTF-8"?>
<!-- Generated by org.testng.reporters.JUnitReportReporter -->
<testsuite skipped="0" hostname="CNTSNW10292663" name="MyPackage.SetPersonalSettings" tests="4" failures="0" timestamp="19 Jul 2017 11:25:56 GMT" time="16.582" errors="0">
  <testcase name="save" time="1.192" classname="MyPackage.SetPersonalSettings"/>
  <testcase name="go2personalsettings" time="1.852" classname="MyPackage.SetPersonalSettings"/>
  <testcase name="LogintoSystem" time="11.711" classname="MyPackage.SetPersonalSettings"/>
  <testcase name="setru" time="1.827" classname="MyPackage.SetPersonalSettings"/>
</testsuite> <!-- MyPackage.SetPersonalSettings -->
