<?xml version="1.0" encoding="UTF-8"?>
<!-- Generated by org.testng.reporters.JUnitReportReporter -->
<testsuite skipped="0" hostname="CNTSNW10292663" name="MyPackage.SetPersonalSettings" tests="2" failures="0" timestamp="20 Jul 2017 12:42:11 GMT" time="21.026" errors="0">
  <testcase name="invoke" time="3.438" classname="MyPackage.SetPersonalSettings"/>
  <testcase name="LogintoSystem" time="17.588" classname="MyPackage.SetPersonalSettings"/>
</testsuite> <!-- MyPackage.SetPersonalSettings -->
