<?xml version="1.0" encoding="UTF-8"?>
<!-- Generated by org.testng.reporters.JUnitReportReporter -->
<testsuite skipped="0" hostname="CNTSNW10292663" name="MyPackage.OpenQuotation" tests="3" failures="0" timestamp="25 Jul 2017 08:32:40 GMT" time="47.267" errors="0">
  <testcase name="LogintoSystem" time="19.530" classname="MyPackage.OpenQuotation"/>
  <testcase name="check_inquiry" time="23.063" classname="MyPackage.OpenQuotation"/>
  <testcase name="move_to_open_quotation" time="4.674" classname="MyPackage.OpenQuotation"/>
</testsuite> <!-- MyPackage.OpenQuotation -->
