<?xml version="1.0" encoding="UTF-8"?>
<!-- Generated by org.testng.reporters.JUnitReportReporter -->
<testsuite skipped="0" hostname="CNTSNW10292663" name="MyPackage.SetPersonalSettings" tests="4" failures="0" timestamp="17 Jul 2017 06:11:54 GMT" time="16.156" errors="0">
  <testcase name="setru" time="0.182" classname="MyPackage.SetPersonalSettings"/>
  <testcase name="go2personalsettings" time="2.509" classname="MyPackage.SetPersonalSettings"/>
  <testcase name="LogintoSystem" time="13.423" classname="MyPackage.SetPersonalSettings"/>
  <testcase name="save" time="0.042" classname="MyPackage.SetPersonalSettings"/>
</testsuite> <!-- MyPackage.SetPersonalSettings -->
