<?xml version="1.0" encoding="UTF-8"?>
<!-- Generated by org.testng.reporters.JUnitReportReporter -->
<testsuite skipped="0" hostname="CNTSNW10292663" name="MyPackage.SetPersonalSettings" tests="4" failures="0" timestamp="18 Jul 2017 07:34:03 GMT" time="21.980" errors="0">
  <testcase name="LogintoSystem" time="16.380" classname="MyPackage.SetPersonalSettings"/>
  <testcase name="save" time="1.197" classname="MyPackage.SetPersonalSettings"/>
  <testcase name="go2personalsettings" time="2.432" classname="MyPackage.SetPersonalSettings"/>
  <testcase name="setru" time="1.971" classname="MyPackage.SetPersonalSettings"/>
</testsuite> <!-- MyPackage.SetPersonalSettings -->
