<?xml version="1.0" encoding="UTF-8"?>
<!-- Generated by org.testng.reporters.JUnitReportReporter -->
<testsuite skipped="0" hostname="CNTSNW10292663" name="session_2.jenkins_demo" tests="1" failures="0" timestamp="19 Jul 2017 05:48:37 GMT" time="0.007" errors="0">
  <testcase name="zipper" time="0.007" classname="session_2.jenkins_demo"/>
</testsuite> <!-- session_2.jenkins_demo -->
