<?xml version="1.0" encoding="UTF-8"?>
<!-- Generated by org.testng.reporters.JUnitReportReporter -->
<testsuite skipped="0" hostname="CNTSNW10292663" name="MyPackage.MessageBoard" tests="1" failures="0" timestamp="19 Jul 2017 12:34:48 GMT" time="15.259" errors="0">
  <testcase name="LogintoSystem" time="15.259" classname="MyPackage.MessageBoard"/>
</testsuite> <!-- MyPackage.MessageBoard -->
