<?xml version="1.0" encoding="UTF-8"?>
<!-- Generated by org.testng.reporters.JUnitReportReporter -->
<testsuite skipped="0" hostname="CNTSNW10292663" name="MyPackage.SetPersonalSettings" tests="4" failures="0" timestamp="19 Jul 2017 15:19:26 GMT" time="21.719" errors="0">
  <testcase name="setru" time="0.145" classname="MyPackage.SetPersonalSettings"/>
  <testcase name="LogintoSystem" time="17.436" classname="MyPackage.SetPersonalSettings"/>
  <testcase name="go2personalsettings" time="1.917" classname="MyPackage.SetPersonalSettings"/>
  <testcase name="save" time="2.221" classname="MyPackage.SetPersonalSettings"/>
</testsuite> <!-- MyPackage.SetPersonalSettings -->
