<?xml version="1.0" encoding="UTF-8"?>
<!-- Generated by org.testng.reporters.JUnitReportReporter -->
<testsuite skipped="0" hostname="CNTSNW10292663" name="MyPackage.SetPersonalSettings" tests="4" failures="0" timestamp="19 Jul 2017 11:28:34 GMT" time="18.610" errors="0">
  <testcase name="LogintoSystem" time="15.173" classname="MyPackage.SetPersonalSettings"/>
  <testcase name="go2personalsettings" time="1.367" classname="MyPackage.SetPersonalSettings"/>
  <testcase name="setru" time="0.150" classname="MyPackage.SetPersonalSettings"/>
  <testcase name="save" time="1.920" classname="MyPackage.SetPersonalSettings"/>
</testsuite> <!-- MyPackage.SetPersonalSettings -->
