<?xml version="1.0" encoding="UTF-8"?>
<!-- Generated by org.testng.reporters.JUnitReportReporter -->
<testsuite skipped="0" hostname="CNTSNW10292663" name="MyPackage.SetPersonalSettings" tests="4" failures="0" timestamp="19 Jul 2017 12:34:48 GMT" time="17.309" errors="0">
  <testcase name="LogintoSystem" time="13.853" classname="MyPackage.SetPersonalSettings"/>
  <testcase name="go2personalsettings" time="1.360" classname="MyPackage.SetPersonalSettings"/>
  <testcase name="save" time="1.954" classname="MyPackage.SetPersonalSettings"/>
  <testcase name="setru" time="0.142" classname="MyPackage.SetPersonalSettings"/>
</testsuite> <!-- MyPackage.SetPersonalSettings -->
