<?xml version="1.0" encoding="UTF-8"?>
<!-- Generated by org.testng.reporters.JUnitReportReporter -->
<testsuite skipped="0" hostname="CNTSNW10292663" name="MyPackage.SetPersonalSettings" tests="4" failures="0" timestamp="19 Jul 2017 11:58:23 GMT" time="15.837" errors="0">
  <testcase name="setru" time="0.942" classname="MyPackage.SetPersonalSettings"/>
  <testcase name="save" time="2.285" classname="MyPackage.SetPersonalSettings"/>
  <testcase name="LogintoSystem" time="11.416" classname="MyPackage.SetPersonalSettings"/>
  <testcase name="go2personalsettings" time="1.194" classname="MyPackage.SetPersonalSettings"/>
</testsuite> <!-- MyPackage.SetPersonalSettings -->
