<?xml version="1.0" encoding="UTF-8"?>
<!-- Generated by org.testng.reporters.JUnitReportReporter -->
<testsuite skipped="0" hostname="CNTSNW10292663" name="MyPackage.SetPersonalSettings" tests="4" failures="0" timestamp="20 Jul 2017 03:49:38 GMT" time="21.078" errors="0">
  <testcase name="LogintoSystem" time="15.755" classname="MyPackage.SetPersonalSettings"/>
  <testcase name="go2personalsettings" time="1.852" classname="MyPackage.SetPersonalSettings"/>
  <testcase name="save" time="3.305" classname="MyPackage.SetPersonalSettings"/>
  <testcase name="setru" time="0.166" classname="MyPackage.SetPersonalSettings"/>
</testsuite> <!-- MyPackage.SetPersonalSettings -->
